[5.718s] Invoking command in '/home/turtlebot/human_follower_ws/src/human_follower': PYTHONPATH=/home/turtlebot/human_follower_ws/build/human_follower/prefix_override:/usr/lib/python3/dist-packages/colcon_core/task/python/colcon_distutils_commands:/home/turtlebot/human_follower_ws/install/human_follower/lib/python3.10/site-packages:${PYTHONPATH} /usr/bin/python3 -W ignore:setup.py install is deprecated -W ignore:easy_install command is deprecated setup.py egg_info --egg-base ../../build/human_follower build --build-base /home/turtlebot/human_follower_ws/build/human_follower/build install --record /home/turtlebot/human_follower_ws/build/human_follower/install.log --single-version-externally-managed install_data
[6.151s] running egg_info
[6.153s] writing ../../build/human_follower/human_follower.egg-info/PKG-INFO
[6.195s] writing dependency_links to ../../build/human_follower/human_follower.egg-info/dependency_links.txt
[6.196s] writing entry points to ../../build/human_follower/human_follower.egg-info/entry_points.txt
[6.196s] writing requirements to ../../build/human_follower/human_follower.egg-info/requires.txt
[6.197s] writing top-level names to ../../build/human_follower/human_follower.egg-info/top_level.txt
[6.201s] reading manifest file '../../build/human_follower/human_follower.egg-info/SOURCES.txt'
[6.264s] writing manifest file '../../build/human_follower/human_follower.egg-info/SOURCES.txt'
[6.265s] running build
[6.265s] running build_py
[6.307s] running install
[6.310s] running install_lib
[6.322s] running install_data
[6.327s] running install_egg_info
[6.347s] removing '/home/turtlebot/human_follower_ws/install/human_follower/lib/python3.10/site-packages/human_follower-1.0.0-py3.10.egg-info' (and everything under it)
[6.348s] Copying ../../build/human_follower/human_follower.egg-info to /home/turtlebot/human_follower_ws/install/human_follower/lib/python3.10/site-packages/human_follower-1.0.0-py3.10.egg-info
[6.387s] running install_scripts
[6.431s] Installing depth_tracker script to /home/turtlebot/human_follower_ws/install/human_follower/lib/human_follower
[6.506s] Installing follower_main script to /home/turtlebot/human_follower_ws/install/human_follower/lib/human_follower
[6.506s] Installing gesture_detector script to /home/turtlebot/human_follower_ws/install/human_follower/lib/human_follower
[6.506s] Installing obstacle_avoider script to /home/turtlebot/human_follower_ws/install/human_follower/lib/human_follower
[6.507s] Installing person_detector script to /home/turtlebot/human_follower_ws/install/human_follower/lib/human_follower
[6.507s] Installing robot_controller script to /home/turtlebot/human_follower_ws/install/human_follower/lib/human_follower
[6.507s] writing list of installed files to '/home/turtlebot/human_follower_ws/build/human_follower/install.log'
[6.559s] Invoked command in '/home/turtlebot/human_follower_ws/src/human_follower' returned '0': PYTHONPATH=/home/turtlebot/human_follower_ws/build/human_follower/prefix_override:/usr/lib/python3/dist-packages/colcon_core/task/python/colcon_distutils_commands:/home/turtlebot/human_follower_ws/install/human_follower/lib/python3.10/site-packages:${PYTHONPATH} /usr/bin/python3 -W ignore:setup.py install is deprecated -W ignore:easy_install command is deprecated setup.py egg_info --egg-base ../../build/human_follower build --build-base /home/turtlebot/human_follower_ws/build/human_follower/build install --record /home/turtlebot/human_follower_ws/build/human_follower/install.log --single-version-externally-managed install_data
