[7.959s] DEBUG:colcon:Command line arguments: ['/usr/bin/colcon', 'build']
[7.959s] DEBUG:colcon:Parsed command line arguments: Namespace(log_base=None, log_level=None, verb_name='build', build_base='build', install_base='install', merge_install=False, symlink_install=False, test_result_base=None, continue_on_error=False, executor='parallel', parallel_workers=4, event_handlers=None, ignore_user_meta=False, metas=['./colcon.meta'], base_paths=['.'], packages_ignore=None, packages_ignore_regex=None, paths=None, packages_up_to=None, packages_up_to_regex=None, packages_above=None, packages_above_and_dependencies=None, packages_above_depth=None, packages_select_by_dep=None, packages_skip_by_dep=None, packages_skip_up_to=None, packages_select_build_failed=False, packages_skip_build_finished=False, packages_select_test_failures=False, packages_skip_test_passed=False, packages_select=None, packages_skip=None, packages_select_regex=None, packages_skip_regex=None, packages_start=None, packages_end=None, allow_overriding=[], cmake_args=None, cmake_target=None, cmake_target_skip_unavailable=False, cmake_clean_cache=False, cmake_clean_first=False, cmake_force_configure=False, ament_cmake_args=None, catkin_cmake_args=None, catkin_skip_building_tests=False, mixin_files=None, mixin=None, verb_parser=<colcon_mixin.mixin.mixin_argument.MixinArgumentDecorator object at 0x7b0811758c70>, verb_extension=<colcon_core.verb.build.BuildVerb object at 0x7b0811869b70>, main=<bound method BuildVerb.main of <colcon_core.verb.build.BuildVerb object at 0x7b0811869b70>>, mixin_verb=('build',))
[14.274s] Level 1:colcon.colcon_core.package_discovery:discover_packages(colcon_meta) check parameters
[14.275s] Level 1:colcon.colcon_core.package_discovery:discover_packages(recursive) check parameters
[14.276s] Level 1:colcon.colcon_core.package_discovery:discover_packages(ignore) check parameters
[14.276s] Level 1:colcon.colcon_core.package_discovery:discover_packages(path) check parameters
[14.276s] Level 1:colcon.colcon_core.package_discovery:discover_packages(colcon_meta) discover
[14.277s] Level 1:colcon.colcon_core.package_discovery:discover_packages(recursive) discover
[14.277s] INFO:colcon.colcon_core.package_discovery:Crawling recursively for packages in '/home/turtlebot/human_follower_ws'
[14.278s] Level 1:colcon.colcon_core.package_identification:_identify(.) by extensions ['ignore', 'ignore_ament_install']
[14.278s] Level 1:colcon.colcon_core.package_identification:_identify(.) by extension 'ignore'
[14.279s] Level 1:colcon.colcon_core.package_identification:_identify(.) by extension 'ignore_ament_install'
[14.279s] Level 1:colcon.colcon_core.package_identification:_identify(.) by extensions ['colcon_pkg']
[14.280s] Level 1:colcon.colcon_core.package_identification:_identify(.) by extension 'colcon_pkg'
[14.280s] Level 1:colcon.colcon_core.package_identification:_identify(.) by extensions ['colcon_meta']
[14.280s] Level 1:colcon.colcon_core.package_identification:_identify(.) by extension 'colcon_meta'
[14.281s] Level 1:colcon.colcon_core.package_identification:_identify(.) by extensions ['ros']
[14.281s] Level 1:colcon.colcon_core.package_identification:_identify(.) by extension 'ros'
[14.316s] Level 1:colcon.colcon_core.package_identification:_identify(.) by extensions ['cmake', 'python']
[14.316s] Level 1:colcon.colcon_core.package_identification:_identify(.) by extension 'cmake'
[14.316s] Level 1:colcon.colcon_core.package_identification:_identify(.) by extension 'python'
[14.316s] Level 1:colcon.colcon_core.package_identification:_identify(.) by extensions ['python_setup_py']
[14.316s] Level 1:colcon.colcon_core.package_identification:_identify(.) by extension 'python_setup_py'
[14.316s] Level 1:colcon.colcon_core.package_identification:_identify(build) by extensions ['ignore', 'ignore_ament_install']
[14.316s] Level 1:colcon.colcon_core.package_identification:_identify(build) by extension 'ignore'
[14.316s] Level 1:colcon.colcon_core.package_identification:_identify(build) ignored
[14.316s] Level 1:colcon.colcon_core.package_identification:_identify(install) by extensions ['ignore', 'ignore_ament_install']
[14.317s] Level 1:colcon.colcon_core.package_identification:_identify(install) by extension 'ignore'
[14.317s] Level 1:colcon.colcon_core.package_identification:_identify(install) ignored
[14.317s] Level 1:colcon.colcon_core.package_identification:_identify(log) by extensions ['ignore', 'ignore_ament_install']
[14.317s] Level 1:colcon.colcon_core.package_identification:_identify(log) by extension 'ignore'
[14.317s] Level 1:colcon.colcon_core.package_identification:_identify(log) ignored
[14.327s] Level 1:colcon.colcon_core.package_identification:_identify(src) by extensions ['ignore', 'ignore_ament_install']
[14.327s] Level 1:colcon.colcon_core.package_identification:_identify(src) by extension 'ignore'
[14.327s] Level 1:colcon.colcon_core.package_identification:_identify(src) by extension 'ignore_ament_install'
[14.327s] Level 1:colcon.colcon_core.package_identification:_identify(src) by extensions ['colcon_pkg']
[14.327s] Level 1:colcon.colcon_core.package_identification:_identify(src) by extension 'colcon_pkg'
[14.327s] Level 1:colcon.colcon_core.package_identification:_identify(src) by extensions ['colcon_meta']
[14.328s] Level 1:colcon.colcon_core.package_identification:_identify(src) by extension 'colcon_meta'
[14.328s] Level 1:colcon.colcon_core.package_identification:_identify(src) by extensions ['ros']
[14.328s] Level 1:colcon.colcon_core.package_identification:_identify(src) by extension 'ros'
[14.328s] Level 1:colcon.colcon_core.package_identification:_identify(src) by extensions ['cmake', 'python']
[14.328s] Level 1:colcon.colcon_core.package_identification:_identify(src) by extension 'cmake'
[14.328s] Level 1:colcon.colcon_core.package_identification:_identify(src) by extension 'python'
[14.328s] Level 1:colcon.colcon_core.package_identification:_identify(src) by extensions ['python_setup_py']
[14.328s] Level 1:colcon.colcon_core.package_identification:_identify(src) by extension 'python_setup_py'
[14.332s] Level 1:colcon.colcon_core.package_identification:_identify(src/human_follower) by extensions ['ignore', 'ignore_ament_install']
[14.332s] Level 1:colcon.colcon_core.package_identification:_identify(src/human_follower) by extension 'ignore'
[14.332s] Level 1:colcon.colcon_core.package_identification:_identify(src/human_follower) by extension 'ignore_ament_install'
[14.332s] Level 1:colcon.colcon_core.package_identification:_identify(src/human_follower) by extensions ['colcon_pkg']
[14.332s] Level 1:colcon.colcon_core.package_identification:_identify(src/human_follower) by extension 'colcon_pkg'
[14.333s] Level 1:colcon.colcon_core.package_identification:_identify(src/human_follower) by extensions ['colcon_meta']
[14.333s] Level 1:colcon.colcon_core.package_identification:_identify(src/human_follower) by extension 'colcon_meta'
[14.333s] Level 1:colcon.colcon_core.package_identification:_identify(src/human_follower) by extensions ['ros']
[14.333s] Level 1:colcon.colcon_core.package_identification:_identify(src/human_follower) by extension 'ros'
[14.378s] DEBUG:colcon.colcon_core.package_identification:Package 'src/human_follower' with type 'ros.ament_python' and name 'human_follower'
[14.378s] Level 1:colcon.colcon_core.package_discovery:discover_packages(recursive) using defaults
[14.378s] Level 1:colcon.colcon_core.package_discovery:discover_packages(ignore) discover
[14.378s] Level 1:colcon.colcon_core.package_discovery:discover_packages(ignore) using defaults
[14.378s] Level 1:colcon.colcon_core.package_discovery:discover_packages(path) discover
[14.378s] Level 1:colcon.colcon_core.package_discovery:discover_packages(path) using defaults
[14.790s] Level 1:colcon.colcon_core.package_discovery:discover_packages(prefix_path) check parameters
[14.791s] Level 1:colcon.colcon_core.package_discovery:discover_packages(prefix_path) discover
[14.864s] DEBUG:colcon.colcon_installed_package_information.package_discovery:Found 16 installed packages in /home/turtlebot/turtlebot2_ws/install
[14.866s] DEBUG:colcon.colcon_installed_package_information.package_discovery:Found 239 installed packages in /opt/ros/humble
[14.867s] Level 1:colcon.colcon_core.package_discovery:discover_packages(prefix_path) using defaults
[15.480s] Level 5:colcon.colcon_core.verb:set package 'human_follower' build argument 'cmake_args' from command line to 'None'
[15.480s] Level 5:colcon.colcon_core.verb:set package 'human_follower' build argument 'cmake_target' from command line to 'None'
[15.481s] Level 5:colcon.colcon_core.verb:set package 'human_follower' build argument 'cmake_target_skip_unavailable' from command line to 'False'
[15.481s] Level 5:colcon.colcon_core.verb:set package 'human_follower' build argument 'cmake_clean_cache' from command line to 'False'
[15.481s] Level 5:colcon.colcon_core.verb:set package 'human_follower' build argument 'cmake_clean_first' from command line to 'False'
[15.481s] Level 5:colcon.colcon_core.verb:set package 'human_follower' build argument 'cmake_force_configure' from command line to 'False'
[15.481s] Level 5:colcon.colcon_core.verb:set package 'human_follower' build argument 'ament_cmake_args' from command line to 'None'
[15.481s] Level 5:colcon.colcon_core.verb:set package 'human_follower' build argument 'catkin_cmake_args' from command line to 'None'
[15.481s] Level 5:colcon.colcon_core.verb:set package 'human_follower' build argument 'catkin_skip_building_tests' from command line to 'False'
[15.481s] DEBUG:colcon.colcon_core.verb:Building package 'human_follower' with the following arguments: {'ament_cmake_args': None, 'build_base': '/home/turtlebot/human_follower_ws/build/human_follower', 'catkin_cmake_args': None, 'catkin_skip_building_tests': False, 'cmake_args': None, 'cmake_clean_cache': False, 'cmake_clean_first': False, 'cmake_force_configure': False, 'cmake_target': None, 'cmake_target_skip_unavailable': False, 'install_base': '/home/turtlebot/human_follower_ws/install/human_follower', 'merge_install': False, 'path': '/home/turtlebot/human_follower_ws/src/human_follower', 'symlink_install': False, 'test_result_base': None}
[15.481s] INFO:colcon.colcon_core.executor:Executing jobs using 'parallel' executor
[15.482s] DEBUG:colcon.colcon_parallel_executor.executor.parallel:run_until_complete
[15.482s] INFO:colcon.colcon_ros.task.ament_python.build:Building ROS package in '/home/turtlebot/human_follower_ws/src/human_follower' with build type 'ament_python'
[15.483s] Level 1:colcon.colcon_core.shell:create_environment_hook('human_follower', 'ament_prefix_path')
[15.564s] INFO:colcon.colcon_core.plugin_system:Skipping extension 'colcon_core.shell.bat': Not used on non-Windows systems
[15.566s] INFO:colcon.colcon_core.shell:Creating environment hook '/home/turtlebot/human_follower_ws/install/human_follower/share/human_follower/hook/ament_prefix_path.ps1'
[15.636s] INFO:colcon.colcon_core.shell:Creating environment descriptor '/home/turtlebot/human_follower_ws/install/human_follower/share/human_follower/hook/ament_prefix_path.dsv'
[15.661s] INFO:colcon.colcon_core.shell:Creating environment hook '/home/turtlebot/human_follower_ws/install/human_follower/share/human_follower/hook/ament_prefix_path.sh'
[15.664s] INFO:colcon.colcon_core.shell:Skip shell extension 'powershell' for command environment: Not usable outside of PowerShell
[15.664s] DEBUG:colcon.colcon_core.shell:Skip shell extension 'dsv' for command environment
[16.220s] INFO:colcon.colcon_core.task.python.build:Building Python package in '/home/turtlebot/human_follower_ws/src/human_follower'
[16.220s] INFO:colcon.colcon_core.shell:Skip shell extension 'powershell' for command environment: Not usable outside of PowerShell
[16.220s] DEBUG:colcon.colcon_core.shell:Skip shell extension 'dsv' for command environment
[18.213s] DEBUG:colcon.colcon_core.event_handler.log_command:Invoking command in '/home/turtlebot/human_follower_ws/src/human_follower': PYTHONPATH=/home/turtlebot/human_follower_ws/build/human_follower/prefix_override:/usr/lib/python3/dist-packages/colcon_core/task/python/colcon_distutils_commands:/home/turtlebot/human_follower_ws/install/human_follower/lib/python3.10/site-packages:${PYTHONPATH} /usr/bin/python3 -W ignore:setup.py install is deprecated -W ignore:easy_install command is deprecated setup.py egg_info --egg-base ../../build/human_follower build --build-base /home/turtlebot/human_follower_ws/build/human_follower/build install --record /home/turtlebot/human_follower_ws/build/human_follower/install.log --single-version-externally-managed install_data
[18.742s] DEBUG:colcon.colcon_core.event_handler.log_command:Invoked command in '/home/turtlebot/human_follower_ws/src/human_follower' returned '0': PYTHONPATH=/home/turtlebot/human_follower_ws/build/human_follower/prefix_override:/usr/lib/python3/dist-packages/colcon_core/task/python/colcon_distutils_commands:/home/turtlebot/human_follower_ws/install/human_follower/lib/python3.10/site-packages:${PYTHONPATH} /usr/bin/python3 -W ignore:setup.py install is deprecated -W ignore:easy_install command is deprecated setup.py egg_info --egg-base ../../build/human_follower build --build-base /home/turtlebot/human_follower_ws/build/human_follower/build install --record /home/turtlebot/human_follower_ws/build/human_follower/install.log --single-version-externally-managed install_data
[18.862s] Level 1:colcon.colcon_core.environment:checking '/home/turtlebot/human_follower_ws/install/human_follower' for CMake module files
[18.865s] Level 1:colcon.colcon_core.environment:checking '/home/turtlebot/human_follower_ws/install/human_follower' for CMake config files
[18.893s] Level 1:colcon.colcon_core.environment:checking '/home/turtlebot/human_follower_ws/install/human_follower/lib'
[18.894s] Level 1:colcon.colcon_core.environment:checking '/home/turtlebot/human_follower_ws/install/human_follower/bin'
[18.895s] Level 1:colcon.colcon_core.environment:checking '/home/turtlebot/human_follower_ws/install/human_follower/lib/pkgconfig/human_follower.pc'
[18.898s] Level 1:colcon.colcon_core.environment:checking '/home/turtlebot/human_follower_ws/install/human_follower/lib/python3.10/site-packages'
[18.898s] Level 1:colcon.colcon_core.shell:create_environment_hook('human_follower', 'pythonpath')
[18.900s] INFO:colcon.colcon_core.shell:Creating environment hook '/home/turtlebot/human_follower_ws/install/human_follower/share/human_follower/hook/pythonpath.ps1'
[18.904s] INFO:colcon.colcon_core.shell:Creating environment descriptor '/home/turtlebot/human_follower_ws/install/human_follower/share/human_follower/hook/pythonpath.dsv'
[18.907s] INFO:colcon.colcon_core.shell:Creating environment hook '/home/turtlebot/human_follower_ws/install/human_follower/share/human_follower/hook/pythonpath.sh'
[18.910s] Level 1:colcon.colcon_core.environment:checking '/home/turtlebot/human_follower_ws/install/human_follower/bin'
[18.911s] Level 1:colcon.colcon_core.environment:create_environment_scripts_only(human_follower)
[18.912s] INFO:colcon.colcon_core.shell:Creating package script '/home/turtlebot/human_follower_ws/install/human_follower/share/human_follower/package.ps1'
[18.927s] INFO:colcon.colcon_core.shell:Creating package descriptor '/home/turtlebot/human_follower_ws/install/human_follower/share/human_follower/package.dsv'
[18.940s] INFO:colcon.colcon_core.shell:Creating package script '/home/turtlebot/human_follower_ws/install/human_follower/share/human_follower/package.sh'
[18.942s] INFO:colcon.colcon_core.shell:Creating package script '/home/turtlebot/human_follower_ws/install/human_follower/share/human_follower/package.bash'
[18.974s] INFO:colcon.colcon_core.shell:Creating package script '/home/turtlebot/human_follower_ws/install/human_follower/share/human_follower/package.zsh'
[19.021s] Level 1:colcon.colcon_core.environment:create_file_with_runtime_dependencies(/home/turtlebot/human_follower_ws/install/human_follower/share/colcon-core/packages/human_follower)
[19.024s] DEBUG:colcon.colcon_parallel_executor.executor.parallel:closing loop
[19.027s] DEBUG:colcon.colcon_parallel_executor.executor.parallel:loop closed
[19.027s] DEBUG:colcon.colcon_parallel_executor.executor.parallel:run_until_complete finished with '0'
[19.028s] DEBUG:colcon.colcon_core.event_reactor:joining thread
[19.087s] INFO:colcon.colcon_core.plugin_system:Skipping extension 'colcon_notification.desktop_notification.terminal_notifier': Not used on non-Darwin systems
[19.087s] INFO:colcon.colcon_core.plugin_system:Skipping extension 'colcon_notification.desktop_notification.win32': Not used on non-Windows systems
[19.088s] INFO:colcon.colcon_notification.desktop_notification:Sending desktop notification using 'notify2'
[19.115s] DEBUG:colcon.colcon_core.event_reactor:joined thread
[19.116s] INFO:colcon.colcon_core.shell:Creating prefix script '/home/turtlebot/human_follower_ws/install/local_setup.ps1'
[19.139s] INFO:colcon.colcon_core.shell:Creating prefix util module '/home/turtlebot/human_follower_ws/install/_local_setup_util_ps1.py'
[19.167s] INFO:colcon.colcon_core.shell:Creating prefix chain script '/home/turtlebot/human_follower_ws/install/setup.ps1'
[19.175s] INFO:colcon.colcon_core.shell:Creating prefix script '/home/turtlebot/human_follower_ws/install/local_setup.sh'
[19.179s] INFO:colcon.colcon_core.shell:Creating prefix util module '/home/turtlebot/human_follower_ws/install/_local_setup_util_sh.py'
[19.183s] INFO:colcon.colcon_core.shell:Creating prefix chain script '/home/turtlebot/human_follower_ws/install/setup.sh'
[19.191s] INFO:colcon.colcon_core.shell:Creating prefix script '/home/turtlebot/human_follower_ws/install/local_setup.bash'
[19.207s] INFO:colcon.colcon_core.shell:Creating prefix chain script '/home/turtlebot/human_follower_ws/install/setup.bash'
[19.214s] INFO:colcon.colcon_core.shell:Creating prefix script '/home/turtlebot/human_follower_ws/install/local_setup.zsh'
[19.218s] INFO:colcon.colcon_core.shell:Creating prefix chain script '/home/turtlebot/human_follower_ws/install/setup.zsh'
