running egg_info
creating ../../build/human_follower/human_follower.egg-info
writing ../../build/human_follower/human_follower.egg-info/PKG-INFO
writing dependency_links to ../../build/human_follower/human_follower.egg-info/dependency_links.txt
writing entry points to ../../build/human_follower/human_follower.egg-info/entry_points.txt
writing requirements to ../../build/human_follower/human_follower.egg-info/requires.txt
writing top-level names to ../../build/human_follower/human_follower.egg-info/top_level.txt
writing manifest file '../../build/human_follower/human_follower.egg-info/SOURCES.txt'
reading manifest file '../../build/human_follower/human_follower.egg-info/SOURCES.txt'
writing manifest file '../../build/human_follower/human_follower.egg-info/SOURCES.txt'
running build
running build_py
creating /home/turtlebot/human_follower_ws/build/human_follower/build
creating /home/turtlebot/human_follower_ws/build/human_follower/build/lib
creating /home/turtlebot/human_follower_ws/build/human_follower/build/lib/human_follower
copying human_follower/follower_main_node.py -> /home/turtlebot/human_follower_ws/build/human_follower/build/lib/human_follower
copying human_follower/depth_tracker_node.py -> /home/turtlebot/human_follower_ws/build/human_follower/build/lib/human_follower
copying human_follower/obstacle_avoider_node.py -> /home/turtlebot/human_follower_ws/build/human_follower/build/lib/human_follower
copying human_follower/person_detector_node.py -> /home/turtlebot/human_follower_ws/build/human_follower/build/lib/human_follower
copying human_follower/gesture_detector_node.py -> /home/turtlebot/human_follower_ws/build/human_follower/build/lib/human_follower
copying human_follower/__init__.py -> /home/turtlebot/human_follower_ws/build/human_follower/build/lib/human_follower
copying human_follower/robot_controller_node.py -> /home/turtlebot/human_follower_ws/build/human_follower/build/lib/human_follower
running install
running install_lib
creating /home/turtlebot/human_follower_ws/install/human_follower/lib/python3.10/site-packages/human_follower
copying /home/turtlebot/human_follower_ws/build/human_follower/build/lib/human_follower/follower_main_node.py -> /home/turtlebot/human_follower_ws/install/human_follower/lib/python3.10/site-packages/human_follower
copying /home/turtlebot/human_follower_ws/build/human_follower/build/lib/human_follower/depth_tracker_node.py -> /home/turtlebot/human_follower_ws/install/human_follower/lib/python3.10/site-packages/human_follower
copying /home/turtlebot/human_follower_ws/build/human_follower/build/lib/human_follower/obstacle_avoider_node.py -> /home/turtlebot/human_follower_ws/install/human_follower/lib/python3.10/site-packages/human_follower
copying /home/turtlebot/human_follower_ws/build/human_follower/build/lib/human_follower/person_detector_node.py -> /home/turtlebot/human_follower_ws/install/human_follower/lib/python3.10/site-packages/human_follower
copying /home/turtlebot/human_follower_ws/build/human_follower/build/lib/human_follower/gesture_detector_node.py -> /home/turtlebot/human_follower_ws/install/human_follower/lib/python3.10/site-packages/human_follower
copying /home/turtlebot/human_follower_ws/build/human_follower/build/lib/human_follower/__init__.py -> /home/turtlebot/human_follower_ws/install/human_follower/lib/python3.10/site-packages/human_follower
copying /home/turtlebot/human_follower_ws/build/human_follower/build/lib/human_follower/robot_controller_node.py -> /home/turtlebot/human_follower_ws/install/human_follower/lib/python3.10/site-packages/human_follower
byte-compiling /home/turtlebot/human_follower_ws/install/human_follower/lib/python3.10/site-packages/human_follower/follower_main_node.py to follower_main_node.cpython-310.pyc
byte-compiling /home/turtlebot/human_follower_ws/install/human_follower/lib/python3.10/site-packages/human_follower/depth_tracker_node.py to depth_tracker_node.cpython-310.pyc
byte-compiling /home/turtlebot/human_follower_ws/install/human_follower/lib/python3.10/site-packages/human_follower/obstacle_avoider_node.py to obstacle_avoider_node.cpython-310.pyc
byte-compiling /home/turtlebot/human_follower_ws/install/human_follower/lib/python3.10/site-packages/human_follower/person_detector_node.py to person_detector_node.cpython-310.pyc
byte-compiling /home/turtlebot/human_follower_ws/install/human_follower/lib/python3.10/site-packages/human_follower/gesture_detector_node.py to gesture_detector_node.cpython-310.pyc
byte-compiling /home/turtlebot/human_follower_ws/install/human_follower/lib/python3.10/site-packages/human_follower/__init__.py to __init__.cpython-310.pyc
byte-compiling /home/turtlebot/human_follower_ws/install/human_follower/lib/python3.10/site-packages/human_follower/robot_controller_node.py to robot_controller_node.cpython-310.pyc
running install_data
creating /home/turtlebot/human_follower_ws/install/human_follower/share/ament_index
creating /home/turtlebot/human_follower_ws/install/human_follower/share/ament_index/resource_index
creating /home/turtlebot/human_follower_ws/install/human_follower/share/ament_index/resource_index/packages
copying resource/human_follower -> /home/turtlebot/human_follower_ws/install/human_follower/share/ament_index/resource_index/packages
copying package.xml -> /home/turtlebot/human_follower_ws/install/human_follower/share/human_follower
creating /home/turtlebot/human_follower_ws/install/human_follower/share/human_follower/launch
copying launch/follower_launch.py -> /home/turtlebot/human_follower_ws/install/human_follower/share/human_follower/launch
creating /home/turtlebot/human_follower_ws/install/human_follower/share/human_follower/config
copying config/params.yaml -> /home/turtlebot/human_follower_ws/install/human_follower/share/human_follower/config
running install_egg_info
Copying ../../build/human_follower/human_follower.egg-info to /home/turtlebot/human_follower_ws/install/human_follower/lib/python3.10/site-packages/human_follower-1.0.0-py3.10.egg-info
running install_scripts
Installing depth_tracker script to /home/turtlebot/human_follower_ws/install/human_follower/lib/human_follower
Installing follower_main script to /home/turtlebot/human_follower_ws/install/human_follower/lib/human_follower
Installing gesture_detector script to /home/turtlebot/human_follower_ws/install/human_follower/lib/human_follower
Installing obstacle_avoider script to /home/turtlebot/human_follower_ws/install/human_follower/lib/human_follower
Installing person_detector script to /home/turtlebot/human_follower_ws/install/human_follower/lib/human_follower
Installing robot_controller script to /home/turtlebot/human_follower_ws/install/human_follower/lib/human_follower
writing list of installed files to '/home/turtlebot/human_follower_ws/build/human_follower/install.log'
