[2.016s] Invoking command in '/home/turtlebot/human_follower_ws/src/human_follower': PYTHONPATH=/home/turtlebot/human_follower_ws/build/human_follower/prefix_override:/usr/lib/python3/dist-packages/colcon_core/task/python/colcon_distutils_commands:/home/turtlebot/human_follower_ws/install/human_follower/lib/python3.10/site-packages:${PYTHONPATH} /usr/bin/python3 -W ignore:setup.py install is deprecated -W ignore:easy_install command is deprecated setup.py egg_info --egg-base ../../build/human_follower build --build-base /home/turtlebot/human_follower_ws/build/human_follower/build install --record /home/turtlebot/human_follower_ws/build/human_follower/install.log --single-version-externally-managed install_data
[2.466s] running egg_info
[2.468s] writing ../../build/human_follower/human_follower.egg-info/PKG-INFO
[2.495s] writing dependency_links to ../../build/human_follower/human_follower.egg-info/dependency_links.txt
[2.496s] writing entry points to ../../build/human_follower/human_follower.egg-info/entry_points.txt
[2.496s] writing requirements to ../../build/human_follower/human_follower.egg-info/requires.txt
[2.496s] writing top-level names to ../../build/human_follower/human_follower.egg-info/top_level.txt
[2.504s] reading manifest file '../../build/human_follower/human_follower.egg-info/SOURCES.txt'
[2.520s] writing manifest file '../../build/human_follower/human_follower.egg-info/SOURCES.txt'
[2.520s] running build
[2.520s] running build_py
[2.521s] running install
[2.522s] running install_lib
[2.526s] running install_data
[2.527s] running install_egg_info
[2.532s] removing '/home/turtlebot/human_follower_ws/install/human_follower/lib/python3.10/site-packages/human_follower-1.0.0-py3.10.egg-info' (and everything under it)
[2.532s] Copying ../../build/human_follower/human_follower.egg-info to /home/turtlebot/human_follower_ws/install/human_follower/lib/python3.10/site-packages/human_follower-1.0.0-py3.10.egg-info
[2.559s] running install_scripts
[2.614s] Installing depth_tracker script to /home/turtlebot/human_follower_ws/install/human_follower/lib/human_follower
[2.640s] Installing follower_main script to /home/turtlebot/human_follower_ws/install/human_follower/lib/human_follower
[2.641s] Installing gesture_detector script to /home/turtlebot/human_follower_ws/install/human_follower/lib/human_follower
[2.641s] Installing obstacle_avoider script to /home/turtlebot/human_follower_ws/install/human_follower/lib/human_follower
[2.641s] Installing person_detector script to /home/turtlebot/human_follower_ws/install/human_follower/lib/human_follower
[2.641s] Installing robot_controller script to /home/turtlebot/human_follower_ws/install/human_follower/lib/human_follower
[2.642s] writing list of installed files to '/home/turtlebot/human_follower_ws/build/human_follower/install.log'
[2.680s] Invoked command in '/home/turtlebot/human_follower_ws/src/human_follower' returned '0': PYTHONPATH=/home/turtlebot/human_follower_ws/build/human_follower/prefix_override:/usr/lib/python3/dist-packages/colcon_core/task/python/colcon_distutils_commands:/home/turtlebot/human_follower_ws/install/human_follower/lib/python3.10/site-packages:${PYTHONPATH} /usr/bin/python3 -W ignore:setup.py install is deprecated -W ignore:easy_install command is deprecated setup.py egg_info --egg-base ../../build/human_follower build --build-base /home/turtlebot/human_follower_ws/build/human_follower/build install --record /home/turtlebot/human_follower_ws/build/human_follower/install.log --single-version-externally-managed install_data
