/home/turtlebot/human_follower_ws/install/human_follower/lib/python3.10/site-packages/human_follower/follower_main_node.py
/home/turtlebot/human_follower_ws/install/human_follower/lib/python3.10/site-packages/human_follower/depth_tracker_node.py
/home/turtlebot/human_follower_ws/install/human_follower/lib/python3.10/site-packages/human_follower/obstacle_avoider_node.py
/home/turtlebot/human_follower_ws/install/human_follower/lib/python3.10/site-packages/human_follower/person_detector_node.py
/home/turtlebot/human_follower_ws/install/human_follower/lib/python3.10/site-packages/human_follower/smart_navigator_node.py
/home/turtlebot/human_follower_ws/install/human_follower/lib/python3.10/site-packages/human_follower/gesture_detector_node.py
/home/turtlebot/human_follower_ws/install/human_follower/lib/python3.10/site-packages/human_follower/__init__.py
/home/turtlebot/human_follower_ws/install/human_follower/lib/python3.10/site-packages/human_follower/robot_controller_node.py
/home/turtlebot/human_follower_ws/install/human_follower/lib/python3.10/site-packages/human_follower/__pycache__/follower_main_node.cpython-310.pyc
/home/turtlebot/human_follower_ws/install/human_follower/lib/python3.10/site-packages/human_follower/__pycache__/depth_tracker_node.cpython-310.pyc
/home/turtlebot/human_follower_ws/install/human_follower/lib/python3.10/site-packages/human_follower/__pycache__/obstacle_avoider_node.cpython-310.pyc
/home/turtlebot/human_follower_ws/install/human_follower/lib/python3.10/site-packages/human_follower/__pycache__/person_detector_node.cpython-310.pyc
/home/turtlebot/human_follower_ws/install/human_follower/lib/python3.10/site-packages/human_follower/__pycache__/smart_navigator_node.cpython-310.pyc
/home/turtlebot/human_follower_ws/install/human_follower/lib/python3.10/site-packages/human_follower/__pycache__/gesture_detector_node.cpython-310.pyc
/home/turtlebot/human_follower_ws/install/human_follower/lib/python3.10/site-packages/human_follower/__pycache__/__init__.cpython-310.pyc
/home/turtlebot/human_follower_ws/install/human_follower/lib/python3.10/site-packages/human_follower/__pycache__/robot_controller_node.cpython-310.pyc
/home/turtlebot/human_follower_ws/install/human_follower/share/ament_index/resource_index/packages/human_follower
/home/turtlebot/human_follower_ws/install/human_follower/share/human_follower/package.xml
/home/turtlebot/human_follower_ws/install/human_follower/share/human_follower/launch/follower_launch.py
/home/turtlebot/human_follower_ws/install/human_follower/share/human_follower/config/params.yaml
/home/turtlebot/human_follower_ws/install/human_follower/lib/python3.10/site-packages/human_follower-1.0.0-py3.10.egg-info/zip-safe
/home/turtlebot/human_follower_ws/install/human_follower/lib/python3.10/site-packages/human_follower-1.0.0-py3.10.egg-info/entry_points.txt
/home/turtlebot/human_follower_ws/install/human_follower/lib/python3.10/site-packages/human_follower-1.0.0-py3.10.egg-info/PKG-INFO
/home/turtlebot/human_follower_ws/install/human_follower/lib/python3.10/site-packages/human_follower-1.0.0-py3.10.egg-info/dependency_links.txt
/home/turtlebot/human_follower_ws/install/human_follower/lib/python3.10/site-packages/human_follower-1.0.0-py3.10.egg-info/requires.txt
/home/turtlebot/human_follower_ws/install/human_follower/lib/python3.10/site-packages/human_follower-1.0.0-py3.10.egg-info/SOURCES.txt
/home/turtlebot/human_follower_ws/install/human_follower/lib/python3.10/site-packages/human_follower-1.0.0-py3.10.egg-info/top_level.txt
/home/turtlebot/human_follower_ws/install/human_follower/lib/human_follower/depth_tracker
/home/turtlebot/human_follower_ws/install/human_follower/lib/human_follower/follower_main
/home/turtlebot/human_follower_ws/install/human_follower/lib/human_follower/gesture_detector
/home/turtlebot/human_follower_ws/install/human_follower/lib/human_follower/obstacle_avoider
/home/turtlebot/human_follower_ws/install/human_follower/lib/human_follower/person_detector
/home/turtlebot/human_follower_ws/install/human_follower/lib/human_follower/robot_controller
