[0.985s] DEBUG:colcon:Command line arguments: ['/usr/bin/colcon', 'build']
[0.985s] DEBUG:colcon:Parsed command line arguments: Namespace(log_base=None, log_level=None, verb_name='build', build_base='build', install_base='install', merge_install=False, symlink_install=False, test_result_base=None, continue_on_error=False, executor='parallel', parallel_workers=4, event_handlers=None, ignore_user_meta=False, metas=['./colcon.meta'], base_paths=['.'], packages_ignore=None, packages_ignore_regex=None, paths=None, packages_up_to=None, packages_up_to_regex=None, packages_above=None, packages_above_and_dependencies=None, packages_above_depth=None, packages_select_by_dep=None, packages_skip_by_dep=None, packages_skip_up_to=None, packages_select_build_failed=False, packages_skip_build_finished=False, packages_select_test_failures=False, packages_skip_test_passed=False, packages_select=None, packages_skip=None, packages_select_regex=None, packages_skip_regex=None, packages_start=None, packages_end=None, allow_overriding=[], cmake_args=None, cmake_target=None, cmake_target_skip_unavailable=False, cmake_clean_cache=False, cmake_clean_first=False, cmake_force_configure=False, ament_cmake_args=None, catkin_cmake_args=None, catkin_skip_building_tests=False, mixin_files=None, mixin=None, verb_parser=<colcon_mixin.mixin.mixin_argument.MixinArgumentDecorator object at 0x713370468b20>, verb_extension=<colcon_core.verb.build.BuildVerb object at 0x71337057da20>, main=<bound method BuildVerb.main of <colcon_core.verb.build.BuildVerb object at 0x71337057da20>>, mixin_verb=('build',))
[4.997s] Level 1:colcon.colcon_core.package_discovery:discover_packages(colcon_meta) check parameters
[4.997s] Level 1:colcon.colcon_core.package_discovery:discover_packages(recursive) check parameters
[4.998s] Level 1:colcon.colcon_core.package_discovery:discover_packages(ignore) check parameters
[4.998s] Level 1:colcon.colcon_core.package_discovery:discover_packages(path) check parameters
[4.998s] Level 1:colcon.colcon_core.package_discovery:discover_packages(colcon_meta) discover
[4.998s] Level 1:colcon.colcon_core.package_discovery:discover_packages(recursive) discover
[4.998s] INFO:colcon.colcon_core.package_discovery:Crawling recursively for packages in '/home/turtlebot/human_follower_ws'
[4.998s] Level 1:colcon.colcon_core.package_identification:_identify(.) by extensions ['ignore', 'ignore_ament_install']
[4.999s] Level 1:colcon.colcon_core.package_identification:_identify(.) by extension 'ignore'
[4.999s] Level 1:colcon.colcon_core.package_identification:_identify(.) by extension 'ignore_ament_install'
[4.999s] Level 1:colcon.colcon_core.package_identification:_identify(.) by extensions ['colcon_pkg']
[4.999s] Level 1:colcon.colcon_core.package_identification:_identify(.) by extension 'colcon_pkg'
[5.000s] Level 1:colcon.colcon_core.package_identification:_identify(.) by extensions ['colcon_meta']
[5.000s] Level 1:colcon.colcon_core.package_identification:_identify(.) by extension 'colcon_meta'
[5.000s] Level 1:colcon.colcon_core.package_identification:_identify(.) by extensions ['ros']
[5.000s] Level 1:colcon.colcon_core.package_identification:_identify(.) by extension 'ros'
[5.029s] Level 1:colcon.colcon_core.package_identification:_identify(.) by extensions ['cmake', 'python']
[5.029s] Level 1:colcon.colcon_core.package_identification:_identify(.) by extension 'cmake'
[5.029s] Level 1:colcon.colcon_core.package_identification:_identify(.) by extension 'python'
[5.029s] Level 1:colcon.colcon_core.package_identification:_identify(.) by extensions ['python_setup_py']
[5.029s] Level 1:colcon.colcon_core.package_identification:_identify(.) by extension 'python_setup_py'
[5.030s] Level 1:colcon.colcon_core.package_identification:_identify(build) by extensions ['ignore', 'ignore_ament_install']
[5.030s] Level 1:colcon.colcon_core.package_identification:_identify(build) by extension 'ignore'
[5.030s] Level 1:colcon.colcon_core.package_identification:_identify(build) ignored
[5.030s] Level 1:colcon.colcon_core.package_identification:_identify(install) by extensions ['ignore', 'ignore_ament_install']
[5.030s] Level 1:colcon.colcon_core.package_identification:_identify(install) by extension 'ignore'
[5.030s] Level 1:colcon.colcon_core.package_identification:_identify(install) ignored
[5.030s] Level 1:colcon.colcon_core.package_identification:_identify(log) by extensions ['ignore', 'ignore_ament_install']
[5.030s] Level 1:colcon.colcon_core.package_identification:_identify(log) by extension 'ignore'
[5.031s] Level 1:colcon.colcon_core.package_identification:_identify(log) ignored
[5.031s] Level 1:colcon.colcon_core.package_identification:_identify(src) by extensions ['ignore', 'ignore_ament_install']
[5.031s] Level 1:colcon.colcon_core.package_identification:_identify(src) by extension 'ignore'
[5.031s] Level 1:colcon.colcon_core.package_identification:_identify(src) by extension 'ignore_ament_install'
[5.031s] Level 1:colcon.colcon_core.package_identification:_identify(src) by extensions ['colcon_pkg']
[5.031s] Level 1:colcon.colcon_core.package_identification:_identify(src) by extension 'colcon_pkg'
[5.031s] Level 1:colcon.colcon_core.package_identification:_identify(src) by extensions ['colcon_meta']
[5.031s] Level 1:colcon.colcon_core.package_identification:_identify(src) by extension 'colcon_meta'
[5.031s] Level 1:colcon.colcon_core.package_identification:_identify(src) by extensions ['ros']
[5.031s] Level 1:colcon.colcon_core.package_identification:_identify(src) by extension 'ros'
[5.031s] Level 1:colcon.colcon_core.package_identification:_identify(src) by extensions ['cmake', 'python']
[5.031s] Level 1:colcon.colcon_core.package_identification:_identify(src) by extension 'cmake'
[5.031s] Level 1:colcon.colcon_core.package_identification:_identify(src) by extension 'python'
[5.031s] Level 1:colcon.colcon_core.package_identification:_identify(src) by extensions ['python_setup_py']
[5.031s] Level 1:colcon.colcon_core.package_identification:_identify(src) by extension 'python_setup_py'
[5.032s] Level 1:colcon.colcon_core.package_identification:_identify(src/human_follower) by extensions ['ignore', 'ignore_ament_install']
[5.032s] Level 1:colcon.colcon_core.package_identification:_identify(src/human_follower) by extension 'ignore'
[5.032s] Level 1:colcon.colcon_core.package_identification:_identify(src/human_follower) by extension 'ignore_ament_install'
[5.032s] Level 1:colcon.colcon_core.package_identification:_identify(src/human_follower) by extensions ['colcon_pkg']
[5.032s] Level 1:colcon.colcon_core.package_identification:_identify(src/human_follower) by extension 'colcon_pkg'
[5.032s] Level 1:colcon.colcon_core.package_identification:_identify(src/human_follower) by extensions ['colcon_meta']
[5.032s] Level 1:colcon.colcon_core.package_identification:_identify(src/human_follower) by extension 'colcon_meta'
[5.032s] Level 1:colcon.colcon_core.package_identification:_identify(src/human_follower) by extensions ['ros']
[5.032s] Level 1:colcon.colcon_core.package_identification:_identify(src/human_follower) by extension 'ros'
[5.080s] DEBUG:colcon.colcon_core.package_identification:Package 'src/human_follower' with type 'ros.ament_python' and name 'human_follower'
[5.080s] Level 1:colcon.colcon_core.package_discovery:discover_packages(recursive) using defaults
[5.080s] Level 1:colcon.colcon_core.package_discovery:discover_packages(ignore) discover
[5.080s] Level 1:colcon.colcon_core.package_discovery:discover_packages(ignore) using defaults
[5.080s] Level 1:colcon.colcon_core.package_discovery:discover_packages(path) discover
[5.080s] Level 1:colcon.colcon_core.package_discovery:discover_packages(path) using defaults
[5.460s] Level 1:colcon.colcon_core.package_discovery:discover_packages(prefix_path) check parameters
[5.460s] Level 1:colcon.colcon_core.package_discovery:discover_packages(prefix_path) discover
[5.516s] DEBUG:colcon.colcon_installed_package_information.package_discovery:Found 16 installed packages in /home/turtlebot/turtlebot2_ws/install
[5.519s] DEBUG:colcon.colcon_installed_package_information.package_discovery:Found 185 installed packages in /opt/ros/humble
[5.543s] Level 1:colcon.colcon_core.package_discovery:discover_packages(prefix_path) using defaults
[6.591s] Level 5:colcon.colcon_core.verb:set package 'human_follower' build argument 'cmake_args' from command line to 'None'
[6.591s] Level 5:colcon.colcon_core.verb:set package 'human_follower' build argument 'cmake_target' from command line to 'None'
[6.591s] Level 5:colcon.colcon_core.verb:set package 'human_follower' build argument 'cmake_target_skip_unavailable' from command line to 'False'
[6.591s] Level 5:colcon.colcon_core.verb:set package 'human_follower' build argument 'cmake_clean_cache' from command line to 'False'
[6.591s] Level 5:colcon.colcon_core.verb:set package 'human_follower' build argument 'cmake_clean_first' from command line to 'False'
[6.591s] Level 5:colcon.colcon_core.verb:set package 'human_follower' build argument 'cmake_force_configure' from command line to 'False'
[6.591s] Level 5:colcon.colcon_core.verb:set package 'human_follower' build argument 'ament_cmake_args' from command line to 'None'
[6.591s] Level 5:colcon.colcon_core.verb:set package 'human_follower' build argument 'catkin_cmake_args' from command line to 'None'
[6.591s] Level 5:colcon.colcon_core.verb:set package 'human_follower' build argument 'catkin_skip_building_tests' from command line to 'False'
[6.591s] DEBUG:colcon.colcon_core.verb:Building package 'human_follower' with the following arguments: {'ament_cmake_args': None, 'build_base': '/home/turtlebot/human_follower_ws/build/human_follower', 'catkin_cmake_args': None, 'catkin_skip_building_tests': False, 'cmake_args': None, 'cmake_clean_cache': False, 'cmake_clean_first': False, 'cmake_force_configure': False, 'cmake_target': None, 'cmake_target_skip_unavailable': False, 'install_base': '/home/turtlebot/human_follower_ws/install/human_follower', 'merge_install': False, 'path': '/home/turtlebot/human_follower_ws/src/human_follower', 'symlink_install': False, 'test_result_base': None}
[6.592s] INFO:colcon.colcon_core.executor:Executing jobs using 'parallel' executor
[6.593s] DEBUG:colcon.colcon_parallel_executor.executor.parallel:run_until_complete
[6.593s] INFO:colcon.colcon_ros.task.ament_python.build:Building ROS package in '/home/turtlebot/human_follower_ws/src/human_follower' with build type 'ament_python'
[6.594s] Level 1:colcon.colcon_core.shell:create_environment_hook('human_follower', 'ament_prefix_path')
[6.688s] INFO:colcon.colcon_core.plugin_system:Skipping extension 'colcon_core.shell.bat': Not used on non-Windows systems
[6.689s] INFO:colcon.colcon_core.shell:Creating environment hook '/home/turtlebot/human_follower_ws/install/human_follower/share/human_follower/hook/ament_prefix_path.ps1'
[6.773s] INFO:colcon.colcon_core.shell:Creating environment descriptor '/home/turtlebot/human_follower_ws/install/human_follower/share/human_follower/hook/ament_prefix_path.dsv'
[6.788s] INFO:colcon.colcon_core.shell:Creating environment hook '/home/turtlebot/human_follower_ws/install/human_follower/share/human_follower/hook/ament_prefix_path.sh'
[6.794s] INFO:colcon.colcon_core.shell:Skip shell extension 'powershell' for command environment: Not usable outside of PowerShell
[6.795s] DEBUG:colcon.colcon_core.shell:Skip shell extension 'dsv' for command environment
[7.318s] INFO:colcon.colcon_core.task.python.build:Building Python package in '/home/turtlebot/human_follower_ws/src/human_follower'
[7.319s] INFO:colcon.colcon_core.shell:Skip shell extension 'powershell' for command environment: Not usable outside of PowerShell
[7.319s] DEBUG:colcon.colcon_core.shell:Skip shell extension 'dsv' for command environment
[8.635s] DEBUG:colcon.colcon_core.event_handler.log_command:Invoking command in '/home/turtlebot/human_follower_ws/src/human_follower': PYTHONPATH=/home/turtlebot/human_follower_ws/build/human_follower/prefix_override:/usr/lib/python3/dist-packages/colcon_core/task/python/colcon_distutils_commands:/home/turtlebot/human_follower_ws/install/human_follower/lib/python3.10/site-packages:${PYTHONPATH} /usr/bin/python3 -W ignore:setup.py install is deprecated -W ignore:easy_install command is deprecated setup.py egg_info --egg-base ../../build/human_follower build --build-base /home/turtlebot/human_follower_ws/build/human_follower/build install --record /home/turtlebot/human_follower_ws/build/human_follower/install.log --single-version-externally-managed install_data
[9.214s] DEBUG:colcon.colcon_core.event_handler.log_command:Invoked command in '/home/turtlebot/human_follower_ws/src/human_follower' returned '0': PYTHONPATH=/home/turtlebot/human_follower_ws/build/human_follower/prefix_override:/usr/lib/python3/dist-packages/colcon_core/task/python/colcon_distutils_commands:/home/turtlebot/human_follower_ws/install/human_follower/lib/python3.10/site-packages:${PYTHONPATH} /usr/bin/python3 -W ignore:setup.py install is deprecated -W ignore:easy_install command is deprecated setup.py egg_info --egg-base ../../build/human_follower build --build-base /home/turtlebot/human_follower_ws/build/human_follower/build install --record /home/turtlebot/human_follower_ws/build/human_follower/install.log --single-version-externally-managed install_data
[9.344s] Level 1:colcon.colcon_core.environment:checking '/home/turtlebot/human_follower_ws/install/human_follower' for CMake module files
[9.349s] Level 1:colcon.colcon_core.environment:checking '/home/turtlebot/human_follower_ws/install/human_follower' for CMake config files
[9.367s] Level 1:colcon.colcon_core.environment:checking '/home/turtlebot/human_follower_ws/install/human_follower/lib'
[9.367s] Level 1:colcon.colcon_core.environment:checking '/home/turtlebot/human_follower_ws/install/human_follower/bin'
[9.368s] Level 1:colcon.colcon_core.environment:checking '/home/turtlebot/human_follower_ws/install/human_follower/lib/pkgconfig/human_follower.pc'
[9.369s] Level 1:colcon.colcon_core.environment:checking '/home/turtlebot/human_follower_ws/install/human_follower/lib/python3.10/site-packages'
[9.370s] Level 1:colcon.colcon_core.shell:create_environment_hook('human_follower', 'pythonpath')
[9.371s] INFO:colcon.colcon_core.shell:Creating environment hook '/home/turtlebot/human_follower_ws/install/human_follower/share/human_follower/hook/pythonpath.ps1'
[9.374s] INFO:colcon.colcon_core.shell:Creating environment descriptor '/home/turtlebot/human_follower_ws/install/human_follower/share/human_follower/hook/pythonpath.dsv'
[9.375s] INFO:colcon.colcon_core.shell:Creating environment hook '/home/turtlebot/human_follower_ws/install/human_follower/share/human_follower/hook/pythonpath.sh'
[9.379s] Level 1:colcon.colcon_core.environment:checking '/home/turtlebot/human_follower_ws/install/human_follower/bin'
[9.379s] Level 1:colcon.colcon_core.environment:create_environment_scripts_only(human_follower)
[9.380s] INFO:colcon.colcon_core.shell:Creating package script '/home/turtlebot/human_follower_ws/install/human_follower/share/human_follower/package.ps1'
[9.402s] INFO:colcon.colcon_core.shell:Creating package descriptor '/home/turtlebot/human_follower_ws/install/human_follower/share/human_follower/package.dsv'
[9.412s] INFO:colcon.colcon_core.shell:Creating package script '/home/turtlebot/human_follower_ws/install/human_follower/share/human_follower/package.sh'
[9.416s] INFO:colcon.colcon_core.shell:Creating package script '/home/turtlebot/human_follower_ws/install/human_follower/share/human_follower/package.bash'
[9.455s] INFO:colcon.colcon_core.shell:Creating package script '/home/turtlebot/human_follower_ws/install/human_follower/share/human_follower/package.zsh'
[9.501s] Level 1:colcon.colcon_core.environment:create_file_with_runtime_dependencies(/home/turtlebot/human_follower_ws/install/human_follower/share/colcon-core/packages/human_follower)
[9.502s] DEBUG:colcon.colcon_parallel_executor.executor.parallel:closing loop
[9.504s] DEBUG:colcon.colcon_parallel_executor.executor.parallel:loop closed
[9.504s] DEBUG:colcon.colcon_parallel_executor.executor.parallel:run_until_complete finished with '0'
[9.505s] DEBUG:colcon.colcon_core.event_reactor:joining thread
[9.554s] INFO:colcon.colcon_core.plugin_system:Skipping extension 'colcon_notification.desktop_notification.terminal_notifier': Not used on non-Darwin systems
[9.554s] INFO:colcon.colcon_core.plugin_system:Skipping extension 'colcon_notification.desktop_notification.win32': Not used on non-Windows systems
[9.554s] INFO:colcon.colcon_notification.desktop_notification:Sending desktop notification using 'notify2'
[9.587s] DEBUG:colcon.colcon_core.event_reactor:joined thread
[9.588s] INFO:colcon.colcon_core.shell:Creating prefix script '/home/turtlebot/human_follower_ws/install/local_setup.ps1'
[9.607s] INFO:colcon.colcon_core.shell:Creating prefix util module '/home/turtlebot/human_follower_ws/install/_local_setup_util_ps1.py'
[9.648s] INFO:colcon.colcon_core.shell:Creating prefix chain script '/home/turtlebot/human_follower_ws/install/setup.ps1'
[9.675s] INFO:colcon.colcon_core.shell:Creating prefix script '/home/turtlebot/human_follower_ws/install/local_setup.sh'
[9.681s] INFO:colcon.colcon_core.shell:Creating prefix util module '/home/turtlebot/human_follower_ws/install/_local_setup_util_sh.py'
[9.685s] INFO:colcon.colcon_core.shell:Creating prefix chain script '/home/turtlebot/human_follower_ws/install/setup.sh'
[9.692s] INFO:colcon.colcon_core.shell:Creating prefix script '/home/turtlebot/human_follower_ws/install/local_setup.bash'
[9.709s] INFO:colcon.colcon_core.shell:Creating prefix chain script '/home/turtlebot/human_follower_ws/install/setup.bash'
[9.714s] INFO:colcon.colcon_core.shell:Creating prefix script '/home/turtlebot/human_follower_ws/install/local_setup.zsh'
[9.721s] INFO:colcon.colcon_core.shell:Creating prefix chain script '/home/turtlebot/human_follower_ws/install/setup.zsh'
