[1.200s] Invoking command in '/home/turtlebot/human_follower_ws/src/human_follower': PYTHONPATH=/home/turtlebot/human_follower_ws/build/human_follower/prefix_override:/usr/lib/python3/dist-packages/colcon_core/task/python/colcon_distutils_commands:/home/turtlebot/human_follower_ws/install/human_follower/lib/python3.10/site-packages:${PYTHONPATH} /usr/bin/python3 -W ignore:setup.py install is deprecated -W ignore:easy_install command is deprecated setup.py egg_info --egg-base ../../build/human_follower build --build-base /home/turtlebot/human_follower_ws/build/human_follower/build install --record /home/turtlebot/human_follower_ws/build/human_follower/install.log --single-version-externally-managed install_data
[1.658s] running egg_info
[1.660s] writing ../../build/human_follower/human_follower.egg-info/PKG-INFO
[1.660s] writing dependency_links to ../../build/human_follower/human_follower.egg-info/dependency_links.txt
[1.661s] writing entry points to ../../build/human_follower/human_follower.egg-info/entry_points.txt
[1.661s] writing requirements to ../../build/human_follower/human_follower.egg-info/requires.txt
[1.661s] writing top-level names to ../../build/human_follower/human_follower.egg-info/top_level.txt
[1.665s] reading manifest file '../../build/human_follower/human_follower.egg-info/SOURCES.txt'
[1.667s] writing manifest file '../../build/human_follower/human_follower.egg-info/SOURCES.txt'
[1.667s] running build
[1.667s] running build_py
[1.668s] running install
[1.668s] running install_lib
[1.671s] byte-compiling /home/turtlebot/human_follower_ws/install/human_follower/lib/python3.10/site-packages/human_follower/robot_controller_node.py to robot_controller_node.cpython-310.pyc
[1.674s]   File "/home/turtlebot/human_follower_ws/install/human_follower/lib/python3.10/site-packages/human_follower/robot_controller_node.py", line 545
[1.675s]     self.get_logger().info(f'Avoiding obstacle - turning {\"left\" if turn_direction > 0 else \"right\"}, person visible')
[1.675s]                                                                                                                          ^
[1.675s] SyntaxError: f-string expression part cannot include a backslash
[1.675s] 
[1.675s] running install_data
[1.675s] running install_egg_info
[1.677s] removing '/home/turtlebot/human_follower_ws/install/human_follower/lib/python3.10/site-packages/human_follower-1.0.0-py3.10.egg-info' (and everything under it)
[1.677s] Copying ../../build/human_follower/human_follower.egg-info to /home/turtlebot/human_follower_ws/install/human_follower/lib/python3.10/site-packages/human_follower-1.0.0-py3.10.egg-info
[1.678s] running install_scripts
[1.716s] Installing depth_tracker script to /home/turtlebot/human_follower_ws/install/human_follower/lib/human_follower
[1.716s] Installing follower_main script to /home/turtlebot/human_follower_ws/install/human_follower/lib/human_follower
[1.716s] Installing gesture_detector script to /home/turtlebot/human_follower_ws/install/human_follower/lib/human_follower
[1.717s] Installing obstacle_avoider script to /home/turtlebot/human_follower_ws/install/human_follower/lib/human_follower
[1.717s] Installing person_detector script to /home/turtlebot/human_follower_ws/install/human_follower/lib/human_follower
[1.717s] Installing robot_controller script to /home/turtlebot/human_follower_ws/install/human_follower/lib/human_follower
[1.718s] writing list of installed files to '/home/turtlebot/human_follower_ws/build/human_follower/install.log'
[1.762s] Invoked command in '/home/turtlebot/human_follower_ws/src/human_follower' returned '0': PYTHONPATH=/home/turtlebot/human_follower_ws/build/human_follower/prefix_override:/usr/lib/python3/dist-packages/colcon_core/task/python/colcon_distutils_commands:/home/turtlebot/human_follower_ws/install/human_follower/lib/python3.10/site-packages:${PYTHONPATH} /usr/bin/python3 -W ignore:setup.py install is deprecated -W ignore:easy_install command is deprecated setup.py egg_info --egg-base ../../build/human_follower build --build-base /home/turtlebot/human_follower_ws/build/human_follower/build install --record /home/turtlebot/human_follower_ws/build/human_follower/install.log --single-version-externally-managed install_data
